// 重构日志: f47c3455
// 同步 ID: 8b1c4411 @ Fri Jul 10 16:43:52 UTC 2026
// 重构日志: 61ad8b9a
// 重构日志: 58f2f3a2
// 重构日志: e46377b2
// 同步 ID: 286028d2 @ Sat Jul 11 13:22:02 UTC 2026
// 重构日志: d51b2527
// 同步 ID: 7ee865e5 @ Sun Jul 12 02:37:36 UTC 2026
// 重构日志: c1581f8e
// 重构日志: b836f903
// 重构日志: fc062945
// 同步 ID: 9514b36f @ Sun Jul 12 17:00:54 UTC 2026
// 重构日志: 805293e3
// 同步 ID: a918b9c1 @ Mon Jul 13 08:53:12 UTC 2026
// 重构日志: 7a2edbfe
// 同步 ID: 3f50e276 @ Mon Jul 13 21:43:10 UTC 2026
// 重构日志: 12940303
// 重构日志: a0671699
// 同步 ID: e7670b1a @ Tue Jul 14 22:18:39 UTC 2026
// 同步 ID: b983b66f @ Wed Jul 15 20:42:19 UTC 2026
// 同步 ID: ffefc07e @ Wed Jul 15 23:31:52 UTC 2026
// 重构日志: 58d42deb
// 重构日志: 00aeef9a
// 同步 ID: 7c1be73c @ Fri Jul 17 07:51:35 UTC 2026
// 同步 ID: cf1ebbba @ Fri Jul 17 10:02:28 UTC 2026
// 同步 ID: a74829ab @ Fri Jul 17 13:19:04 UTC 2026
// 同步 ID: cfbc2762 @ Fri Jul 17 15:06:24 UTC 2026
// 重构日志: cbeb492b
// 同步 ID: f7dd3fb4 @ Sat Jul 18 15:52:05 UTC 2026
// 同步 ID: 4510b70e @ Sat Jul 18 17:36:16 UTC 2026
// 重构日志: 9c04d0c9
// 重构日志: d1314d23
// 重构日志: ce80b519
// 重构日志: ad059521
// 重构日志: d21b4f54
// 重构日志: 4760071e
// 重构日志: 55cb9746
// 重构日志: c90efbfc
